<?xml version="1.0" encoding="UTF-8" ?>
<testsuite tests="5" failures="0" name="com.qa.test.Day2Test" time="17.642" errors="0" skipped="0">
  <properties>
    <property name="java.vendor" value="Oracle Corporation"/>
    <property name="JOB_NAME" value="Project3"/>
    <property name="PWD" value="/Users/shobana/documents/jenkins"/>
    <property name="sun.java.launcher" value="SUN_STANDARD"/>
    <property name="JAVA_MAIN_CLASS_3413" value="Main"/>
    <property name="sun.management.compiler" value="HotSpot 64-Bit Tiered Compilers"/>
    <property name="JENKINS_HOME" value="/Users/shobana/.jenkins"/>
    <property name="PATH" value="/usr/local/bin:/usr/bin:/bin:/usr/sbin:/sbin"/>
    <property name="HUDSON_SERVER_COOKIE" value="603179b5e2c87ede"/>
    <property name="POM_ARTIFACTID" value="JenkinsTest"/>
    <property name="os.name" value="Mac OS X"/>
    <property name="TERM_PROGRAM" value="Apple_Terminal"/>
    <property name="sun.boot.class.path" value="/Library/Java/JavaVirtualMachines/jdk1.8.0_144.jdk/Contents/Home/jre/lib/resources.jar:/Library/Java/JavaVirtualMachines/jdk1.8.0_144.jdk/Contents/Home/jre/lib/rt.jar:/Library/Java/JavaVirtualMachines/jdk1.8.0_144.jdk/Contents/Home/jre/lib/sunrsasign.jar:/Library/Java/JavaVirtualMachines/jdk1.8.0_144.jdk/Contents/Home/jre/lib/jsse.jar:/Library/Java/JavaVirtualMachines/jdk1.8.0_144.jdk/Contents/Home/jre/lib/jce.jar:/Library/Java/JavaVirtualMachines/jdk1.8.0_144.jdk/Contents/Home/jre/lib/charsets.jar:/Library/Java/JavaVirtualMachines/jdk1.8.0_144.jdk/Contents/Home/jre/lib/jfr.jar:/Library/Java/JavaVirtualMachines/jdk1.8.0_144.jdk/Contents/Home/jre/classes"/>
    <property name="EXECUTOR_NUMBER" value="0"/>
    <property name="TERM_SESSION_ID" value="D2EC8D41-E7CB-4B14-8DD8-6F83653DCBD9"/>
    <property name="java.vm.specification.vendor" value="Oracle Corporation"/>
    <property name="POM_DISPLAYNAME" value="JenkinsTest"/>
    <property name="NODE_LABELS" value="master"/>
    <property name="java.runtime.version" value="1.8.0_144-b01"/>
    <property name="user.name" value="shobana"/>
    <property name="guice.disable.misplaced.annotation.check" value="true"/>
    <property name="user.language" value="en"/>
    <property name="JOB_BASE_NAME" value="Project3"/>
    <property name="RUN_CHANGES_DISPLAY_URL" value="http://localhost:8080/job/Project3/6/display/redirect?page=changes"/>
    <property name="BUILD_DISPLAY_NAME" value="#6"/>
    <property name="TMPDIR" value="/var/folders/y_/hy99nrld2fg_tszjg6xm90080000gp/T/"/>
    <property name="sun.boot.library.path" value="/Library/Java/JavaVirtualMachines/jdk1.8.0_144.jdk/Contents/Home/jre/lib"/>
    <property name="java.version" value="1.8.0_144"/>
    <property name="XPC_FLAGS" value="0x0"/>
    <property name="user.timezone" value="US/Pacific"/>
    <property name="sun.arch.data.model" value="64"/>
    <property name="NODE_NAME" value="master"/>
    <property name="TERM" value="xterm-256color"/>
    <property name="http.nonProxyHosts" value="local|*.local|169.254/16|*.169.254/16"/>
    <property name="java.endorsed.dirs" value="/Library/Java/JavaVirtualMachines/jdk1.8.0_144.jdk/Contents/Home/jre/lib/endorsed"/>
    <property name="BUILD_ID" value="6"/>
    <property name="sun.cpu.isalist" value=""/>
    <property name="sun.jnu.encoding" value="UTF-8"/>
    <property name="file.encoding.pkg" value="sun.io"/>
    <property name="SHELL" value="/bin/bash"/>
    <property name="file.separator" value="/"/>
    <property name="java.specification.name" value="Java Platform API Specification"/>
    <property name="maven.conf" value="/Users/shobana/.jenkins/tools/hudson.tasks.Maven_MavenInstallation/Test_Maven/conf"/>
    <property name="java.class.version" value="52.0"/>
    <property name="org.slf4j.simpleLogger.defaultLogLevel" value="info"/>
    <property name="user.country" value="US"/>
    <property name="java.home" value="/Library/Java/JavaVirtualMachines/jdk1.8.0_144.jdk/Contents/Home/jre"/>
    <property name="java.vm.info" value="mixed mode"/>
    <property name="os.version" value="10.11.6"/>
    <property name="RUN_DISPLAY_URL" value="http://localhost:8080/job/Project3/6/display/redirect"/>
    <property name="POM_VERSION" value="0.0.1-SNAPSHOT"/>
    <property name="sun.font.fontmanager" value="sun.font.CFontManager"/>
    <property name="path.separator" value=":"/>
    <property name="java.vm.version" value="25.144-b01"/>
    <property name="JOB_DISPLAY_URL" value="http://localhost:8080/job/Project3/display/redirect"/>
    <property name="SHLVL" value="1"/>
    <property name="_" value="/usr/bin/java"/>
    <property name="java.awt.printerjob" value="sun.lwawt.macosx.CPrinterJob"/>
    <property name="sun.io.unicode.encoding" value="UnicodeBig"/>
    <property name="awt.toolkit" value="sun.lwawt.macosx.LWCToolkit"/>
    <property name="LOGNAME" value="shobana"/>
    <property name="socksNonProxyHosts" value="local|*.local|169.254/16|*.169.254/16"/>
    <property name="POM_PACKAGING" value="jar"/>
    <property name="ftp.nonProxyHosts" value="local|*.local|169.254/16|*.169.254/16"/>
    <property name="HOME" value="/Users/shobana"/>
    <property name="POM_GROUPID" value="JenkinsTest"/>
    <property name="user.home" value="/Users/shobana"/>
    <property name="BUILD_TAG" value="jenkins-Project3-6"/>
    <property name="JENKINS_SERVER_COOKIE" value="603179b5e2c87ede"/>
    <property name="HUDSON_URL" value="http://localhost:8080/"/>
    <property name="XPC_SERVICE_NAME" value="0"/>
    <property name="java.specification.vendor" value="Oracle Corporation"/>
    <property name="CLASSPATH" value=""/>
    <property name="java.vendor.url" value="http://java.oracle.com/"/>
    <property name="java.library.path" value="/Users/shobana/Library/Java/Extensions:/Library/Java/Extensions:/Network/Library/Java/Extensions:/System/Library/Java/Extensions:/usr/lib/java:."/>
    <property name="Apple_PubSub_Socket_Render" value="/private/tmp/com.apple.launchd.aPVshIFzTq/Render"/>
    <property name="gopherProxySet" value="false"/>
    <property name="java.vm.vendor" value="Oracle Corporation"/>
    <property name="java.runtime.name" value="Java(TM) SE Runtime Environment"/>
    <property name="maven.home" value="/Users/shobana/.jenkins/tools/hudson.tasks.Maven_MavenInstallation/Test_Maven"/>
    <property name="java.class.path" value="/Users/shobana/.jenkins/plugins/maven-plugin/WEB-INF/lib/maven35-agent-1.12-alpha-1.jar:/Users/shobana/.jenkins/tools/hudson.tasks.Maven_MavenInstallation/Test_Maven/boot/plexus-classworlds-2.5.2.jar:/Users/shobana/.jenkins/tools/hudson.tasks.Maven_MavenInstallation/Test_Maven/conf/logging"/>
    <property name="sun.java.command" value="jenkins.maven3.agent.Maven35Main /Users/shobana/.jenkins/tools/hudson.tasks.Maven_MavenInstallation/Test_Maven /Users/shobana/.jenkins/war/WEB-INF/lib/remoting-3.27.jar /Users/shobana/.jenkins/plugins/maven-plugin/WEB-INF/lib/maven35-interceptor-1.12-alpha-1.jar /Users/shobana/.jenkins/plugins/maven-plugin/WEB-INF/lib/maven3-interceptor-commons-1.12-alpha-1.jar 63769"/>
    <property name="java.vm.specification.name" value="Java Virtual Machine Specification"/>
    <property name="java.vm.specification.version" value="1.8"/>
    <property name="sun.os.patch.level" value="unknown"/>
    <property name="sun.cpu.endian" value="little"/>
    <property name="M2_HOME" value="/Users/shobana/.jenkins/tools/hudson.tasks.Maven_MavenInstallation/Test_Maven"/>
    <property name="java.io.tmpdir" value="/var/folders/y_/hy99nrld2fg_tszjg6xm90080000gp/T/"/>
    <property name="HUDSON_HOME" value="/Users/shobana/.jenkins"/>
    <property name="PATH+MAVEN" value="/Users/shobana/.jenkins/tools/hudson.tasks.Maven_MavenInstallation/Test_Maven/bin"/>
    <property name="BUILD_URL" value="http://localhost:8080/job/Project3/6/"/>
    <property name="java.vendor.url.bug" value="http://bugreport.sun.com/bugreport/"/>
    <property name="OLDPWD" value="/Users/shobana/documents"/>
    <property name="SSH_AUTH_SOCK" value="/private/tmp/com.apple.launchd.2TR5P8OW7r/Listeners"/>
    <property name="java.awt.graphicsenv" value="sun.awt.CGraphicsEnvironment"/>
    <property name="os.arch" value="x86_64"/>
    <property name="com.apple.java.jvmTask" value="CommandLine"/>
    <property name="java.ext.dirs" value="/Users/shobana/Library/Java/Extensions:/Library/Java/JavaVirtualMachines/jdk1.8.0_144.jdk/Contents/Home/jre/lib/ext:/Library/Java/Extensions:/Network/Library/Java/Extensions:/System/Library/Java/Extensions:/usr/lib/java"/>
    <property name="__CF_USER_TEXT_ENCODING" value="0x1F6:0x0:0x0"/>
    <property name="user.dir" value="/Users/shobana/apexassignments1/JenkinsTest"/>
    <property name="JOB_URL" value="http://localhost:8080/job/Project3/"/>
    <property name="line.separator" value="
"/>
    <property name="JAVA_ARCH" value="x86_64"/>
    <property name="MAVEN_HOME" value="/Users/shobana/.jenkins/tools/hudson.tasks.Maven_MavenInstallation/Test_Maven"/>
    <property name="java.vm.name" value="Java HotSpot(TM) 64-Bit Server VM"/>
    <property name="BUILD_NUMBER" value="6"/>
    <property name="JENKINS_URL" value="http://localhost:8080/"/>
    <property name="TERM_PROGRAM_VERSION" value="361.2"/>
    <property name="file.encoding" value="UTF-8"/>
    <property name="LANG" value="en_US.UTF-8"/>
    <property name="maven3.interceptor" value="/Users/shobana/.jenkins/plugins/maven-plugin/WEB-INF/lib/maven35-interceptor-1.12-alpha-1.jar"/>
    <property name="WORKSPACE" value="/Users/shobana/.jenkins/workspace/Project3"/>
    <property name="maven3.interceptor.common" value="/Users/shobana/.jenkins/plugins/maven-plugin/WEB-INF/lib/maven3-interceptor-commons-1.12-alpha-1.jar"/>
    <property name="java.specification.version" value="1.8"/>
    <property name="USER" value="shobana"/>
  </properties>
  <testcase classname="com.qa.test.Day2Test" name="comparePricesInDifferentPages_Pass1" time="2.786"/>
  <testcase classname="com.qa.test.Day2Test" name="verifyLoginSection_Invalid1" time="3.741"/>
  <testcase classname="com.qa.test.Day2Test" name="verifyLoginSection_Invalid2" time="3.084"/>
  <testcase classname="com.qa.test.Day2Test" name="verifyLoginSection_Invalid3" time="3.612"/>
  <testcase classname="com.qa.test.Day2Test" name="verifyUpdateQuantityErrorMessage_Pass1" time="4.419"/>
</testsuite>