<?xml version="1.0" encoding="UTF-8"?>
<!-- Generated by org.testng.reporters.JUnitReportReporter -->
<testsuite skipped="0" hostname="Prakashs-MacBook-Pro.local" name="com.qa.test.Day2Test" tests="5" failures="0" timestamp="01 Nov 2018 14:41:26 GMT" time="28.745" errors="0">
  <testcase name="verifyUpdateQuantityErrorMessage_Pass1" time="7.815" classname="com.qa.test.Day2Test"/>
  <testcase name="verifyLoginSection_Invalid3" time="5.545" classname="com.qa.test.Day2Test"/>
  <testcase name="comparePricesInDifferentPages_Pass1" time="4.858" classname="com.qa.test.Day2Test"/>
  <testcase name="verifyLoginSection_Invalid1" time="5.531" classname="com.qa.test.Day2Test"/>
  <testcase name="verifyLoginSection_Invalid2" time="4.996" classname="com.qa.test.Day2Test"/>
</testsuite> <!-- com.qa.test.Day2Test -->
