<?xml version="1.0" encoding="UTF-8"?>
<!-- Generated by org.testng.reporters.JUnitReportReporter -->
<testsuite skipped="0" hostname="Prakashs-MacBook-Pro.local" name="com.qa.test.Day1" tests="7" failures="0" timestamp="31 Oct 2018 13:47:02 GMT" time="38.245" errors="0">
  <testcase name="compareTwoProduct" time="6.434" classname="com.qa.test.Day1"/>
  <testcase name="verifyUpdateQuantityErrorMessage_Pass1" time="5.569" classname="com.qa.test.Day1"/>
  <testcase name="verifyLoginSection_Invalid1" time="4.975" classname="com.qa.test.Day1"/>
  <testcase name="comparePricesInDifferentPages_Pass1" time="4.755" classname="com.qa.test.Day1"/>
  <testcase name="verifyCartEmptyMessage_Pass1" time="5.390" classname="com.qa.test.Day1"/>
  <testcase name="verifyLoginSection_Invalid3" time="5.031" classname="com.qa.test.Day1"/>
  <testcase name="verifyLoginSection_Invalid2" time="6.091" classname="com.qa.test.Day1"/>
</testsuite> <!-- com.qa.test.Day1 -->
