<?xml version="1.0" encoding="UTF-8"?>
<!-- Generated by org.testng.reporters.JUnitReportReporter -->
<testsuite skipped="0" hostname="Prakashs-MacBook-Pro.local" name="com.qa.test.Day2Test" tests="5" failures="0" timestamp="01 Nov 2018 14:42:16 GMT" time="26.833" errors="0">
  <testcase name="verifyUpdateQuantityErrorMessage_Pass1" time="6.134" classname="com.qa.test.Day2Test"/>
  <testcase name="comparePricesInDifferentPages_Pass1" time="4.451" classname="com.qa.test.Day2Test"/>
  <testcase name="verifyLoginSection_Invalid1" time="5.437" classname="com.qa.test.Day2Test"/>
  <testcase name="verifyLoginSection_Invalid2" time="4.756" classname="com.qa.test.Day2Test"/>
  <testcase name="verifyLoginSection_Invalid3" time="6.055" classname="com.qa.test.Day2Test"/>
</testsuite> <!-- com.qa.test.Day2Test -->
